[40623:40623:1016/190459.915585:WARNING:chrome_main_delegate.cc(744)] This is Chrome version 130.0.6723.58 (not a warning)
[40623:40623:1016/190501.213165:INFO:chrome_browser_cloud_management_controller.cc(196)] No machine level policy manager exists.
[40704:40704:1016/190502.143581:WARNING:gpu_memory_buffer_support_x11.cc(49)] dri3 extension not supported.
[40704:40704:1016/190502.197260:WARNING:sandbox_linux.cc(430)] InitializeSandbox() called with multiple threads in process gpu-process.
[40704:40704:1016/190502.249697:WARNING:viz_main_impl.cc(85)] VizNullHypothesis is disabled (not a warning)
[40623:40623:1016/190503.816665:ERROR:object_proxy.cc(576)] Failed to call method: org.freedesktop.ScreenSaver.GetActive: object_path= /org/freedesktop/ScreenSaver: org.freedesktop.DBus.Error.NotSupported: This method is not part of the idle inhibition specification: https://specifications.freedesktop.org/idle-inhibit-spec/latest/
[40705:40719:1016/190504.477841:ERROR:simple_version_upgrade.cc(166)] Disk cache backend fake index file has wrong magic number.
[40705:40719:1016/190504.521659:ERROR:simple_backend_impl.cc(756)] Simple Cache Backend: wrong file structure on disk: 3 path: /home/adham-zineldin/stuff/automatic_scripts/Whatsapp/User Data/Profile 4/Cache/Cache_Data
[40623:40623:1016/190510.414328:INFO:CONSOLE(123)] "Event handler of 'x-storagemutated-1' event must be added on the initial evaluation of worker script.", source: https://static.whatsapp.net/rsrc.php/v3/yw/r/dzjEh1Lb75U.js (123)
[40623:40623:1016/190510.520020:INFO:CONSOLE(0)] "Error with Permissions-Policy header: Unrecognized feature: 'bluetooth'.", source:  (0)
[40623:40623:1016/190519.683015:INFO:CONSOLE(344)] "WAWebLoggerWorker initialized", source: https://static.whatsapp.net/rsrc.php/v3/yo/r/jt7aXoJMT-C.js (344)
[40623:40623:1016/190519.683088:INFO:CONSOLE(344)] "[storage] start setSchemaVersions from fts worker interface", source: https://static.whatsapp.net/rsrc.php/v3/yo/r/jt7aXoJMT-C.js (344)
[40623:40623:1016/190519.683099:INFO:CONSOLE(344)] "[storage] set schema versions: [model-storage,159,fts-storage,8,jobs-storage,1,lru-media-storage-idb,2,offd-storage,4,qpl-storage,0,signal-storage,6,worker-storage,1,sw,2,wawc,14,wawc_db_enc,2]. is worker? true", source: https://static.whatsapp.net/rsrc.php/v3/yo/r/jt7aXoJMT-C.js (344)
[40623:40623:1016/190549.742237:INFO:CONSOLE(344)] "FTS:Delegate: start indexer", source: https://static.whatsapp.net/rsrc.php/v3/yo/r/jt7aXoJMT-C.js (344)
[40623:40623:1016/190549.742287:INFO:CONSOLE(344)] "FTS:Delegate: start perform init", source: https://static.whatsapp.net/rsrc.php/v3/yo/r/jt7aXoJMT-C.js (344)
[40623:40623:1016/190549.742299:INFO:CONSOLE(344)] "FTS:Delegate: schema versions ready", source: https://static.whatsapp.net/rsrc.php/v3/yo/r/jt7aXoJMT-C.js (344)
[40623:40623:1016/190549.742308:INFO:CONSOLE(344)] "FTS:Delegate: before db initialization", source: https://static.whatsapp.net/rsrc.php/v3/yo/r/jt7aXoJMT-C.js (344)
[40623:40623:1016/190549.742317:INFO:CONSOLE(344)] "[storage] applying schema versions from [0 to 8] for the database: 'fts-storage'", source: https://static.whatsapp.net/rsrc.php/v3/yo/r/jt7aXoJMT-C.js (344)
[40623:40623:1016/190550.754787:INFO:CONSOLE(344)] "[storage] skipping version 160 for table 'media-playback-event' since it is higher than max version to rollout 159", source: https://static.whatsapp.net/rsrc.php/v3/yo/r/jt7aXoJMT-C.js (344)
[40623:40623:1016/190550.767036:INFO:CONSOLE(344)] "[storage] applying schema versions from [0 to 159] for the database: 'model-storage'", source: https://static.whatsapp.net/rsrc.php/v3/yo/r/jt7aXoJMT-C.js (344)
