[22132:27568:1016/022512.471:WARNING:chrome_main_delegate.cc(747)] This is Chrome version 129.0.6668.101 (not a warning)
[22132:27568:1016/022512.519:INFO:chrome_browser_cloud_management_controller.cc(196)] No machine level policy manager exists.
[5432:15844:1016/022512.630:WARNING:viz_main_impl.cc(85)] VizNullHypothesis is disabled (not a warning)
[22132:27568:1016/022513.200:INFO:CONSOLE(123)] "Event handler of 'x-storagemutated-1' event must be added on the initial evaluation of worker script.", source: https://static.whatsapp.net/rsrc.php/v3/y1/r/oHvigup5KIm.js (123)
[22132:27568:1016/022515.420:INFO:CONSOLE(344)] "WAWebLoggerWorker initialized", source: https://static.whatsapp.net/rsrc.php/v3/yo/r/jt7aXoJMT-C.js (344)
[22132:27568:1016/022515.421:INFO:CONSOLE(344)] "[storage] start setSchemaVersions from fts worker interface", source: https://static.whatsapp.net/rsrc.php/v3/yo/r/jt7aXoJMT-C.js (344)
[22132:27568:1016/022515.421:INFO:CONSOLE(344)] "[storage] set schema versions: [model-storage,159,fts-storage,8,jobs-storage,1,lru-media-storage-idb,2,offd-storage,4,qpl-storage,0,signal-storage,6,worker-storage,1,sw,2,wawc,14,wawc_db_enc,2]. is worker? true", source: https://static.whatsapp.net/rsrc.php/v3/yo/r/jt7aXoJMT-C.js (344)
[22132:27568:1016/022516.613:INFO:CONSOLE(344)] "FTS:Delegate: start indexer", source: https://static.whatsapp.net/rsrc.php/v3/yo/r/jt7aXoJMT-C.js (344)
[22132:27568:1016/022516.613:INFO:CONSOLE(344)] "FTS:Delegate: start perform init", source: https://static.whatsapp.net/rsrc.php/v3/yo/r/jt7aXoJMT-C.js (344)
[22132:27568:1016/022516.613:INFO:CONSOLE(344)] "FTS:Delegate: schema versions ready", source: https://static.whatsapp.net/rsrc.php/v3/yo/r/jt7aXoJMT-C.js (344)
[22132:27568:1016/022516.613:INFO:CONSOLE(344)] "FTS:Delegate: before db initialization", source: https://static.whatsapp.net/rsrc.php/v3/yo/r/jt7aXoJMT-C.js (344)
[22132:27568:1016/022516.613:INFO:CONSOLE(344)] "[storage] applying schema versions from [0 to 8] for the database: 'fts-storage'", source: https://static.whatsapp.net/rsrc.php/v3/yo/r/jt7aXoJMT-C.js (344)
[22132:27568:1016/022516.637:INFO:CONSOLE(344)] "[storage] skipping version 160 for table 'media-playback-event' since it is higher than max version to rollout 159", source: https://static.whatsapp.net/rsrc.php/v3/yo/r/jt7aXoJMT-C.js (344)
[22132:27568:1016/022516.637:INFO:CONSOLE(344)] "[storage] applying schema versions from [0 to 159] for the database: 'model-storage'", source: https://static.whatsapp.net/rsrc.php/v3/yo/r/jt7aXoJMT-C.js (344)
[22132:27568:1016/022517.502:INFO:CONSOLE(344)] "FTS:Delegate: after db initialization", source: https://static.whatsapp.net/rsrc.php/v3/yo/r/jt7aXoJMT-C.js (344)
[22132:27568:1016/022517.504:INFO:CONSOLE(344)] "FTS:Manifest Writer: No changes made, current:['3.1', '1'], latest:['3.1', '1']", source: https://static.whatsapp.net/rsrc.php/v3/yo/r/jt7aXoJMT-C.js (344)
[22132:27568:1016/022517.504:INFO:CONSOLE(344)] "FTS:Delegate: Inited", source: https://static.whatsapp.net/rsrc.php/v3/yo/r/jt7aXoJMT-C.js (344)
[22132:27568:1016/022517.504:INFO:CONSOLE(344)] "FTS:Delegate: Init indexing ops", source: https://static.whatsapp.net/rsrc.php/v3/yo/r/jt7aXoJMT-C.js (344)
[22132:27568:1016/022517.504:INFO:CONSOLE(344)] "FTS:Indexer:indexQueuedBatch: Starting new batch size : 1000", source: https://static.whatsapp.net/rsrc.php/v3/yo/r/jt7aXoJMT-C.js (344)
[22132:27568:1016/022517.504:INFO:CONSOLE(344)] "FTS:Indexer:indexQueuedBatch: Completed", source: https://static.whatsapp.net/rsrc.php/v3/yo/r/jt7aXoJMT-C.js (344)
[22132:27568:1016/022517.944:ERROR:device_event_log_impl.cc(201)] [02:25:17.943] USB: usb_service_win.cc:105 SetupDiGetDeviceProperty({{A45C254E-DF1C-4EFD-8020-67D146A850E0}, 6}) failed: Element not found. (0x490)
[22132:27568:1016/022523.738:INFO:CONSOLE(344)] "FTS:Indexer:indexQueuedBatch: Starting new batch size : 1000", source: https://static.whatsapp.net/rsrc.php/v3/yo/r/jt7aXoJMT-C.js (344)
[22132:27568:1016/022523.751:INFO:CONSOLE(344)] "FTS:Indexer:indexQueuedBatch: Completed batch", source: https://static.whatsapp.net/rsrc.php/v3/yo/r/jt7aXoJMT-C.js (344)
[22132:27568:1016/022523.751:INFO:CONSOLE(344)] "FTS:Indexer:indexQueuedBatch: Completed", source: https://static.whatsapp.net/rsrc.php/v3/yo/r/jt7aXoJMT-C.js (344)
[28544:15800:1016/022528.745:WARNING:sqlite_persistent_store_backend_base.cc(198)] Failed to post task from FlushAndNotifyInBackground@net\extras\sqlite\sqlite_persistent_store_backend_base.cc:248 to client_task_runner_.
[28544:15800:1016/022528.745:WARNING:sqlite_persistent_store_backend_base.cc(198)] Failed to post task from FlushAndNotifyInBackground@net\extras\sqlite\sqlite_persistent_store_backend_base.cc:248 to client_task_runner_.
