[18684:18224:1016/174048.490:WARNING:chrome_main_delegate.cc(747)] This is Chrome version 129.0.6668.101 (not a warning)
[18684:18224:1016/174048.531:INFO:chrome_browser_cloud_management_controller.cc(196)] No machine level policy manager exists.
[26324:29316:1016/174050.159:WARNING:viz_main_impl.cc(85)] VizNullHypothesis is disabled (not a warning)
[18684:18224:1016/174050.548:INFO:CONSOLE(123)] "Event handler of 'x-storagemutated-1' event must be added on the initial evaluation of worker script.", source: https://static.whatsapp.net/rsrc.php/v3/yw/r/dzjEh1Lb75U.js (123)
[18684:18224:1016/174052.478:INFO:CONSOLE(344)] "WAWebLoggerWorker initialized", source: https://static.whatsapp.net/rsrc.php/v3/yo/r/jt7aXoJMT-C.js (344)
[18684:18224:1016/174052.480:INFO:CONSOLE(344)] "[storage] start setSchemaVersions from fts worker interface", source: https://static.whatsapp.net/rsrc.php/v3/yo/r/jt7aXoJMT-C.js (344)
[18684:18224:1016/174052.480:INFO:CONSOLE(344)] "[storage] set schema versions: [model-storage,159,fts-storage,8,jobs-storage,1,lru-media-storage-idb,2,offd-storage,4,qpl-storage,0,signal-storage,6,worker-storage,1,sw,2,wawc,14,wawc_db_enc,2]. is worker? true", source: https://static.whatsapp.net/rsrc.php/v3/yo/r/jt7aXoJMT-C.js (344)
[18684:18224:1016/174053.383:INFO:CONSOLE(344)] "FTS:Delegate: start indexer", source: https://static.whatsapp.net/rsrc.php/v3/yo/r/jt7aXoJMT-C.js (344)
[18684:18224:1016/174053.383:INFO:CONSOLE(344)] "FTS:Delegate: start perform init", source: https://static.whatsapp.net/rsrc.php/v3/yo/r/jt7aXoJMT-C.js (344)
[18684:18224:1016/174053.383:INFO:CONSOLE(344)] "FTS:Delegate: schema versions ready", source: https://static.whatsapp.net/rsrc.php/v3/yo/r/jt7aXoJMT-C.js (344)
[18684:18224:1016/174053.383:INFO:CONSOLE(344)] "FTS:Delegate: before db initialization", source: https://static.whatsapp.net/rsrc.php/v3/yo/r/jt7aXoJMT-C.js (344)
[18684:18224:1016/174053.383:INFO:CONSOLE(344)] "[storage] applying schema versions from [0 to 8] for the database: 'fts-storage'", source: https://static.whatsapp.net/rsrc.php/v3/yo/r/jt7aXoJMT-C.js (344)
[18684:18224:1016/174053.407:INFO:CONSOLE(344)] "[storage] skipping version 160 for table 'media-playback-event' since it is higher than max version to rollout 159", source: https://static.whatsapp.net/rsrc.php/v3/yo/r/jt7aXoJMT-C.js (344)
[18684:18224:1016/174053.407:INFO:CONSOLE(344)] "[storage] applying schema versions from [0 to 159] for the database: 'model-storage'", source: https://static.whatsapp.net/rsrc.php/v3/yo/r/jt7aXoJMT-C.js (344)
[18684:18224:1016/174054.169:INFO:CONSOLE(344)] "FTS:Delegate: after db initialization", source: https://static.whatsapp.net/rsrc.php/v3/yo/r/jt7aXoJMT-C.js (344)
[18684:18224:1016/174054.172:INFO:CONSOLE(344)] "FTS:Manifest Writer: No changes made, current:['3.1', '1'], latest:['3.1', '1']", source: https://static.whatsapp.net/rsrc.php/v3/yo/r/jt7aXoJMT-C.js (344)
[18684:18224:1016/174054.172:INFO:CONSOLE(344)] "FTS:Delegate: Inited", source: https://static.whatsapp.net/rsrc.php/v3/yo/r/jt7aXoJMT-C.js (344)
[18684:18224:1016/174054.172:INFO:CONSOLE(344)] "FTS:Delegate: Init indexing ops", source: https://static.whatsapp.net/rsrc.php/v3/yo/r/jt7aXoJMT-C.js (344)
[18684:18224:1016/174054.174:INFO:CONSOLE(344)] "FTS:Indexer:indexQueuedBatch: Starting new batch size : 1000", source: https://static.whatsapp.net/rsrc.php/v3/yo/r/jt7aXoJMT-C.js (344)
[18684:18224:1016/174054.175:INFO:CONSOLE(344)] "FTS:Indexer:indexQueuedBatch: Completed", source: https://static.whatsapp.net/rsrc.php/v3/yo/r/jt7aXoJMT-C.js (344)
[18684:18224:1016/174055.298:ERROR:device_event_log_impl.cc(201)] [17:40:55.296] USB: usb_service_win.cc:105 SetupDiGetDeviceProperty({{A45C254E-DF1C-4EFD-8020-67D146A850E0}, 6}) failed: Element not found. (0x490)
[18684:18224:1016/174057.163:INFO:CONSOLE(344)] "FTS:Indexer:indexQueuedBatch: Starting new batch size : 1000", source: https://static.whatsapp.net/rsrc.php/v3/yo/r/jt7aXoJMT-C.js (344)
[18684:18224:1016/174057.174:INFO:CONSOLE(344)] "FTS:Indexer:indexQueuedBatch: Completed batch", source: https://static.whatsapp.net/rsrc.php/v3/yo/r/jt7aXoJMT-C.js (344)
[18684:18224:1016/174057.174:INFO:CONSOLE(344)] "FTS:Indexer:indexQueuedBatch: Completed", source: https://static.whatsapp.net/rsrc.php/v3/yo/r/jt7aXoJMT-C.js (344)
[18684:18224:1016/174100.436:INFO:CONSOLE(344)] "WAWebLoggerWorker initialized", source: https://static.whatsapp.net/rsrc.php/v3/yo/r/jt7aXoJMT-C.js (344)
[18684:18224:1016/174100.436:INFO:CONSOLE(344)] "[storage] start setSchemaVersions from fts worker interface", source: https://static.whatsapp.net/rsrc.php/v3/yo/r/jt7aXoJMT-C.js (344)
[18684:18224:1016/174100.436:INFO:CONSOLE(344)] "[storage] set schema versions: [model-storage,159,fts-storage,8,jobs-storage,1,lru-media-storage-idb,2,offd-storage,4,qpl-storage,0,signal-storage,6,worker-storage,1,sw,2,wawc,14,wawc_db_enc,2]. is worker? true", source: https://static.whatsapp.net/rsrc.php/v3/yo/r/jt7aXoJMT-C.js (344)
[18684:18224:1016/174102.050:INFO:CONSOLE(344)] "FTS:Delegate: start indexer", source: https://static.whatsapp.net/rsrc.php/v3/yo/r/jt7aXoJMT-C.js (344)
[18684:18224:1016/174102.050:INFO:CONSOLE(344)] "FTS:Delegate: start perform init", source: https://static.whatsapp.net/rsrc.php/v3/yo/r/jt7aXoJMT-C.js (344)
[18684:18224:1016/174102.050:INFO:CONSOLE(344)] "FTS:Delegate: schema versions ready", source: https://static.whatsapp.net/rsrc.php/v3/yo/r/jt7aXoJMT-C.js (344)
[18684:18224:1016/174102.050:INFO:CONSOLE(344)] "FTS:Delegate: before db initialization", source: https://static.whatsapp.net/rsrc.php/v3/yo/r/jt7aXoJMT-C.js (344)
[18684:18224:1016/174102.050:INFO:CONSOLE(344)] "[storage] applying schema versions from [0 to 8] for the database: 'fts-storage'", source: https://static.whatsapp.net/rsrc.php/v3/yo/r/jt7aXoJMT-C.js (344)
[18684:18224:1016/174102.072:INFO:CONSOLE(344)] "[storage] skipping version 160 for table 'media-playback-event' since it is higher than max version to rollout 159", source: https://static.whatsapp.net/rsrc.php/v3/yo/r/jt7aXoJMT-C.js (344)
[18684:18224:1016/174102.072:INFO:CONSOLE(344)] "[storage] applying schema versions from [0 to 159] for the database: 'model-storage'", source: https://static.whatsapp.net/rsrc.php/v3/yo/r/jt7aXoJMT-C.js (344)
[18684:18224:1016/174102.842:INFO:CONSOLE(344)] "FTS:Delegate: after db initialization", source: https://static.whatsapp.net/rsrc.php/v3/yo/r/jt7aXoJMT-C.js (344)
[18684:18224:1016/174102.843:INFO:CONSOLE(344)] "FTS:Manifest Writer: No changes made, current:['3.1', '1'], latest:['3.1', '1']", source: https://static.whatsapp.net/rsrc.php/v3/yo/r/jt7aXoJMT-C.js (344)
[18684:18224:1016/174102.843:INFO:CONSOLE(344)] "FTS:Delegate: Inited", source: https://static.whatsapp.net/rsrc.php/v3/yo/r/jt7aXoJMT-C.js (344)
[18684:18224:1016/174102.843:INFO:CONSOLE(344)] "FTS:Delegate: Init indexing ops", source: https://static.whatsapp.net/rsrc.php/v3/yo/r/jt7aXoJMT-C.js (344)
[18684:18224:1016/174102.846:INFO:CONSOLE(344)] "FTS:Indexer:indexQueuedBatch: Starting new batch size : 1000", source: https://static.whatsapp.net/rsrc.php/v3/yo/r/jt7aXoJMT-C.js (344)
[18684:18224:1016/174102.846:INFO:CONSOLE(344)] "FTS:Indexer:indexQueuedBatch: Completed", source: https://static.whatsapp.net/rsrc.php/v3/yo/r/jt7aXoJMT-C.js (344)
[18684:18224:1016/174118.728:INFO:CONSOLE(344)] "FTS:Indexer:indexQueuedBatch: Starting new batch size : 1000", source: https://static.whatsapp.net/rsrc.php/v3/yo/r/jt7aXoJMT-C.js (344)
[18684:18224:1016/174118.737:INFO:CONSOLE(344)] "FTS:Indexer:indexQueuedBatch: Completed batch", source: https://static.whatsapp.net/rsrc.php/v3/yo/r/jt7aXoJMT-C.js (344)
[18684:18224:1016/174118.741:INFO:CONSOLE(344)] "FTS:Indexer:indexQueuedBatch: Completed", source: https://static.whatsapp.net/rsrc.php/v3/yo/r/jt7aXoJMT-C.js (344)
[18684:18224:1016/174123.373:INFO:CONSOLE(344)] "FTS:Indexer:indexQueuedBatch: Starting new batch size : 1000", source: https://static.whatsapp.net/rsrc.php/v3/yo/r/jt7aXoJMT-C.js (344)
[18684:18224:1016/174123.376:INFO:CONSOLE(344)] "FTS:Indexer:indexQueuedBatch: Completed batch", source: https://static.whatsapp.net/rsrc.php/v3/yo/r/jt7aXoJMT-C.js (344)
[18684:18224:1016/174123.378:INFO:CONSOLE(344)] "FTS:Indexer:indexQueuedBatch: Completed", source: https://static.whatsapp.net/rsrc.php/v3/yo/r/jt7aXoJMT-C.js (344)
