[22337:22337:1016/163747.582172:WARNING:chrome_main_delegate.cc(744)] This is Chrome version 130.0.6723.58 (not a warning)
[22337:22337:1016/163748.443246:INFO:chrome_browser_cloud_management_controller.cc(196)] No machine level policy manager exists.
[22389:22389:1016/163748.881659:WARNING:sandbox_linux.cc(430)] InitializeSandbox() called with multiple threads in process gpu-process.
[22389:22389:1016/163748.928674:WARNING:viz_main_impl.cc(85)] VizNullHypothesis is disabled (not a warning)
[22337:22337:1016/163752.329011:INFO:CONSOLE(0)] "Error with Permissions-Policy header: Unrecognized feature: 'bluetooth'.", source:  (0)
[22337:22337:1016/163752.507931:INFO:CONSOLE(123)] "Event handler of 'x-storagemutated-1' event must be added on the initial evaluation of worker script.", source: https://static.whatsapp.net/rsrc.php/v3/yd/r/vVqBHr6TlX4.js (123)
[22337:22337:1016/163757.600165:INFO:CONSOLE(344)] "WAWebLoggerWorker initialized", source: https://static.whatsapp.net/rsrc.php/v3/yo/r/jt7aXoJMT-C.js (344)
[22337:22337:1016/163757.600260:INFO:CONSOLE(344)] "[storage] start setSchemaVersions from fts worker interface", source: https://static.whatsapp.net/rsrc.php/v3/yo/r/jt7aXoJMT-C.js (344)
[22337:22337:1016/163757.600271:INFO:CONSOLE(344)] "[storage] set schema versions: [model-storage,159,fts-storage,8,jobs-storage,1,lru-media-storage-idb,2,offd-storage,4,qpl-storage,0,signal-storage,6,worker-storage,1,sw,2,wawc,14,wawc_db_enc,2]. is worker? true", source: https://static.whatsapp.net/rsrc.php/v3/yo/r/jt7aXoJMT-C.js (344)
[22337:22337:1016/163805.355085:INFO:CONSOLE(344)] "FTS:Delegate: start indexer", source: https://static.whatsapp.net/rsrc.php/v3/yo/r/jt7aXoJMT-C.js (344)
[22337:22337:1016/163805.355168:INFO:CONSOLE(344)] "FTS:Delegate: start perform init", source: https://static.whatsapp.net/rsrc.php/v3/yo/r/jt7aXoJMT-C.js (344)
[22337:22337:1016/163805.355188:INFO:CONSOLE(344)] "FTS:Delegate: schema versions ready", source: https://static.whatsapp.net/rsrc.php/v3/yo/r/jt7aXoJMT-C.js (344)
[22337:22337:1016/163805.355197:INFO:CONSOLE(344)] "FTS:Delegate: before db initialization", source: https://static.whatsapp.net/rsrc.php/v3/yo/r/jt7aXoJMT-C.js (344)
[22337:22337:1016/163805.355205:INFO:CONSOLE(344)] "[storage] applying schema versions from [0 to 8] for the database: 'fts-storage'", source: https://static.whatsapp.net/rsrc.php/v3/yo/r/jt7aXoJMT-C.js (344)
[22337:22337:1016/163805.904737:INFO:CONSOLE(344)] "[storage] skipping version 160 for table 'media-playback-event' since it is higher than max version to rollout 159", source: https://static.whatsapp.net/rsrc.php/v3/yo/r/jt7aXoJMT-C.js (344)
[22337:22337:1016/163805.904821:INFO:CONSOLE(344)] "[storage] applying schema versions from [0 to 159] for the database: 'model-storage'", source: https://static.whatsapp.net/rsrc.php/v3/yo/r/jt7aXoJMT-C.js (344)
[22337:22337:1016/163819.237305:INFO:CONSOLE(344)] "FTS:Delegate: after db initialization", source: https://static.whatsapp.net/rsrc.php/v3/yo/r/jt7aXoJMT-C.js (344)
[22337:22337:1016/163819.237379:INFO:CONSOLE(344)] "FTS:Manifest Writer: No changes made, current:['3.1', '1'], latest:['3.1', '1']", source: https://static.whatsapp.net/rsrc.php/v3/yo/r/jt7aXoJMT-C.js (344)
[22337:22337:1016/163819.237401:INFO:CONSOLE(344)] "FTS:Delegate: Inited", source: https://static.whatsapp.net/rsrc.php/v3/yo/r/jt7aXoJMT-C.js (344)
[22337:22337:1016/163819.237409:INFO:CONSOLE(344)] "FTS:Delegate: Init indexing ops", source: https://static.whatsapp.net/rsrc.php/v3/yo/r/jt7aXoJMT-C.js (344)
[22337:22337:1016/163819.384662:INFO:CONSOLE(344)] "FTS:Indexer:indexQueuedBatch: Starting new batch size : 1000", source: https://static.whatsapp.net/rsrc.php/v3/yo/r/jt7aXoJMT-C.js (344)
[22337:22337:1016/163819.384687:INFO:CONSOLE(344)] "FTS:Indexer:indexQueuedBatch: Completed", source: https://static.whatsapp.net/rsrc.php/v3/yo/r/jt7aXoJMT-C.js (344)
[22337:22337:1016/163826.521323:INFO:CONSOLE(123)] "Event handler of 'x-storagemutated-1' event must be added on the initial evaluation of worker script.", source: https://static.whatsapp.net/rsrc.php/v3/yw/r/dzjEh1Lb75U.js (123)
[22337:22337:1016/163826.796051:WARNING:controller_impl.cc(1192)] Background download complete, client: 6, completion type: 0, file size:2200227
[22337:22337:1016/163830.459931:INFO:CONSOLE(344)] "FTS:Indexer:indexQueuedBatch: Starting new batch size : 1000", source: https://static.whatsapp.net/rsrc.php/v3/yo/r/jt7aXoJMT-C.js (344)
[22337:22337:1016/163831.008730:INFO:CONSOLE(344)] "FTS:Indexer:indexQueuedBatch: Completed batch", source: https://static.whatsapp.net/rsrc.php/v3/yo/r/jt7aXoJMT-C.js (344)
[22337:22337:1016/163831.111517:INFO:CONSOLE(344)] "FTS:Indexer:indexQueuedBatch: Completed", source: https://static.whatsapp.net/rsrc.php/v3/yo/r/jt7aXoJMT-C.js (344)
[22337:22337:1016/163835.264553:WARNING:controller_impl.cc(1192)] Background download complete, client: 6, completion type: 1, file size:0
[22337:22337:1016/163835.264630:WARNING:controller_impl.cc(1192)] Background download complete, client: 6, completion type: 1, file size:0
[22391:22421:1016/163836.023523:WARNING:sqlite_persistent_store_backend_base.cc(198)] Failed to post task from FlushAndNotifyInBackground@net/extras/sqlite/sqlite_persistent_store_backend_base.cc:248 to client_task_runner_.
[22391:22421:1016/163836.027170:WARNING:sqlite_persistent_store_backend_base.cc(198)] Failed to post task from FlushAndNotifyInBackground@net/extras/sqlite/sqlite_persistent_store_backend_base.cc:248 to client_task_runner_.
